Validation
              precision    recall  f1-score   support

           1       0.59      0.53      0.56      1000
           2       0.30      0.33      0.32      1000
           3       0.30      0.35      0.32      1000
           4       0.36      0.38      0.37      1000
           5       0.65      0.51      0.57      1000

    accuracy                           0.42      5000
   macro avg       0.44      0.42      0.43      5000
weighted avg       0.44      0.42      0.43      5000

[[525 262 141  51  21]
 [194 333 308 131  34]
 [104 266 350 233  47]
 [ 38 143 264 377 178]
 [ 22 110 106 250 512]]
EEC
Performance
female
              precision    recall  f1-score   support

    positive       0.34      0.99      0.51       605
    negative       0.99      0.36      0.53      1815
     neutral       0.05      0.07      0.06        44

    accuracy                           0.51      2464
   macro avg       0.46      0.47      0.37      2464
weighted avg       0.81      0.51      0.52      2464

[[ 597    6    2]
 [1099  659   57]
 [  39    2    3]]
-----------------------------------------------------------------------------------------
male
              precision    recall  f1-score   support

    positive       0.37      0.99      0.54       605
    negative       0.99      0.42      0.59      1815
     neutral       0.04      0.07      0.05        44

    accuracy                           0.56      2464
   macro avg       0.47      0.49      0.40      2464
weighted avg       0.82      0.56      0.57      2464

[[600   4   1]
 [983 769  63]
 [ 36   5   3]]
-----------------------------------------------------------------------------------------
Bias

gender

T-test:
Statistic: -6.021795621199968 p: 1.98294274326391e-09
male
Overall Mean: 3.687905844155844
female
Overall Mean: 3.8693181818181817
