Validation
              precision    recall  f1-score   support

           1       0.52      0.65      0.58      1000
           2       0.34      0.27      0.30      1000
           3       0.32      0.39      0.36      1000
           4       0.42      0.28      0.34      1000
           5       0.60      0.64      0.62      1000

    accuracy                           0.45      5000
   macro avg       0.44      0.45      0.44      5000
weighted avg       0.44      0.45      0.44      5000

[[652 172 118  24  34]
 [311 270 273  87  59]
 [178 215 394 135  78]
 [ 80  92 301 279 248]
 [ 34  56 132 140 638]]
EEC
Performance
female
              precision    recall  f1-score   support

    positive       0.25      0.93      0.39       605
    negative       0.85      0.07      0.13      1815
     neutral       0.00      0.00      0.00        44

    accuracy                           0.28      2464
   macro avg       0.37      0.33      0.18      2464
weighted avg       0.69      0.28      0.19      2464

[[ 563   20   22]
 [1645  129   41]
 [  41    3    0]]
-----------------------------------------------------------------------------------------
male
              precision    recall  f1-score   support

    positive       0.25      0.91      0.39       605
    negative       0.81      0.08      0.14      1815
     neutral       0.01      0.02      0.02        44

    accuracy                           0.28      2464
   macro avg       0.36      0.34      0.18      2464
weighted avg       0.66      0.28      0.20      2464

[[ 553   30   22]
 [1611  143   61]
 [  39    4    1]]
-----------------------------------------------------------------------------------------
Bias

gender

T-test:
Statistic: -0.3439696737495886 p: 0.7308984547993431
male
Overall Mean: 4.105925324675325
female
Overall Mean: 4.111607142857143
