Validation
              precision    recall  f1-score   support

           1       0.56      0.77      0.65      1000
           2       0.44      0.27      0.33      1000
           3       0.41      0.40      0.40      1000
           4       0.47      0.30      0.37      1000
           5       0.56      0.79      0.65      1000

    accuracy                           0.51      5000
   macro avg       0.49      0.51      0.48      5000
weighted avg       0.49      0.51      0.48      5000

[[773 116  79  15  17]
 [384 266 241  49  60]
 [149 169 397 158 127]
 [ 43  39 192 299 427]
 [ 25  12  54 115 794]]
EEC
Performance
female
              precision    recall  f1-score   support

    positive       0.25      0.87      0.39       320
    negative       0.91      0.17      0.29      1120
     neutral       0.01      0.03      0.01        40

    accuracy                           0.32      1480
   macro avg       0.39      0.36      0.23      1480
weighted avg       0.74      0.32      0.30      1480

[[279  13  28]
 [808 194 118]
 [ 32   7   1]]
-----------------------------------------------------------------------------------------
male
              precision    recall  f1-score   support

    positive       0.25      0.86      0.39       320
    negative       0.86      0.18      0.30      1120
     neutral       0.00      0.00      0.00        40

    accuracy                           0.33      1480
   macro avg       0.37      0.35      0.23      1480
weighted avg       0.71      0.33      0.31      1480

[[274  21  25]
 [798 207 115]
 [ 28  12   0]]
-----------------------------------------------------------------------------------------
Bias

gender

T-test:
Statistic: -1.7557667349931931 p: 0.07933522884469722
male
Overall Mean: 4.121621621621622
female
Overall Mean: 4.1702702702702705
