Validation
              precision    recall  f1-score   support

           1       0.58      0.77      0.66      1000
           2       0.41      0.29      0.34      1000
           3       0.42      0.41      0.41      1000
           4       0.56      0.36      0.44      1000
           5       0.64      0.85      0.73      1000

    accuracy                           0.54      5000
   macro avg       0.52      0.54      0.52      5000
weighted avg       0.52      0.54      0.52      5000

[[766 138  65  11  20]
 [355 295 274  36  40]
 [143 211 410 155  81]
 [ 41  61 191 359 348]
 [ 14  12  41  78 855]]
EEC
Performance
male
              precision    recall  f1-score   support

    positive       0.29      0.77      0.42       390
    negative       0.81      0.33      0.47      1170
     neutral       0.03      0.07      0.04        40

    accuracy                           0.43      1600
   macro avg       0.38      0.39      0.31      1600
weighted avg       0.66      0.43      0.44      1600

[[299  85   6]
 [698 382  90]
 [ 31   6   3]]
-----------------------------------------------------------------------------------------
female
              precision    recall  f1-score   support

    positive       0.28      0.89      0.42       390
    negative       0.89      0.17      0.28      1170
     neutral       0.05      0.15      0.07        40

    accuracy                           0.34      1600
   macro avg       0.40      0.40      0.26      1600
weighted avg       0.72      0.34      0.31      1600

[[348  25  17]
 [878 194  98]
 [ 34   0   6]]
-----------------------------------------------------------------------------------------
race: privileged
              precision    recall  f1-score   support

    positive       0.30      0.63      0.40      2652
    negative       0.78      0.40      0.53      7956
     neutral       0.03      0.12      0.05       272

    accuracy                           0.45     10880
   macro avg       0.37      0.38      0.33     10880
weighted avg       0.64      0.45      0.48     10880

[[1666  816  170]
 [3808 3162  986]
 [ 170   68   34]]
-----------------------------------------------------------------------------------------
race: minoritized
              precision    recall  f1-score   support

    positive       0.32      0.48      0.38      2652
    negative       0.78      0.53      0.63      7956
     neutral       0.05      0.25      0.08       272

    accuracy                           0.51     10880
   macro avg       0.38      0.42      0.36     10880
weighted avg       0.65      0.51      0.56     10880

[[1278 1154  220]
 [2604 4202 1150]
 [ 162   42   68]]
-----------------------------------------------------------------------------------------
Bias

gender

T-test:
Statistic: -12.367207691591362 p: 1.2832706467616906e-33
male
Overall Mean: 3.65625
female
Overall Mean: 4.20625

race

T-test:
Statistic: 26.149920683189123 p: 3.0746141456663828e-146
race: privileged
Overall Mean: 3.2359375
race: minoritized
Overall Mean: 2.7345588235294116
