Validation
              precision    recall  f1-score   support

           1       0.65      0.64      0.64      1000
           2       0.42      0.48      0.45      1000
           3       0.45      0.33      0.38      1000
           4       0.52      0.45      0.48      1000
           5       0.63      0.81      0.71      1000

    accuracy                           0.54      5000
   macro avg       0.53      0.54      0.53      5000
weighted avg       0.53      0.54      0.53      5000

[[636 230  66  33  35]
 [203 479 179  76  63]
 [ 97 296 326 202  79]
 [ 25  88 131 451 305]
 [ 14  38  27 112 809]]
EEC
Performance
European
              precision    recall  f1-score   support

    positive       0.33      0.97      0.49        72
    negative       0.95      0.35      0.51       216
     neutral       0.50      0.25      0.33         8

    accuracy                           0.50       296
   macro avg       0.59      0.52      0.45       296
weighted avg       0.79      0.50      0.50       296

[[ 70   2   0]
 [138  76   2]
 [  4   2   2]]
-----------------------------------------------------------------------------------------
African-American
              precision    recall  f1-score   support

    positive       0.32      0.97      0.48        72
    negative       0.94      0.31      0.47       216
     neutral       0.50      0.25      0.33         8

    accuracy                           0.47       296
   macro avg       0.59      0.51      0.43       296
weighted avg       0.78      0.47      0.47       296

[[ 70   2   0]
 [146  68   2]
 [  4   2   2]]
-----------------------------------------------------------------------------------------
female
              precision    recall  f1-score   support

    positive       0.29      1.00      0.44       432
    negative       0.95      0.18      0.31      1296
     neutral       0.12      0.04      0.06        48

    accuracy                           0.38      1776
   macro avg       0.45      0.41      0.27      1776
weighted avg       0.76      0.38      0.33      1776

[[ 431    1    0]
 [1044  237   15]
 [  34   12    2]]
-----------------------------------------------------------------------------------------
male
              precision    recall  f1-score   support

    positive       0.29      0.99      0.45       432
    negative       0.94      0.18      0.30      1296
     neutral       0.05      0.04      0.04        48

    accuracy                           0.37      1776
   macro avg       0.43      0.40      0.26      1776
weighted avg       0.76      0.37      0.33      1776

[[ 427    3    2]
 [1023  233   40]
 [  35   11    2]]
-----------------------------------------------------------------------------------------
race: privileged
              precision    recall  f1-score   support

    positive       0.33      0.97      0.49       720
    negative       0.94      0.34      0.50      2160
     neutral       0.44      0.24      0.31        80

    accuracy                           0.49      2960
   macro avg       0.57      0.52      0.43      2960
weighted avg       0.78      0.49      0.49      2960

[[ 696   24    0]
 [1398  738   24]
 [  41   20   19]]
-----------------------------------------------------------------------------------------
race: minoritized
              precision    recall  f1-score   support

    positive       0.33      0.96      0.49       720
    negative       0.94      0.34      0.50      2160
     neutral       0.22      0.21      0.21        80

    accuracy                           0.49      2960
   macro avg       0.50      0.50      0.40      2960
weighted avg       0.77      0.49      0.49      2960

[[ 693   25    2]
 [1367  733   60]
 [  43   20   17]]
-----------------------------------------------------------------------------------------
Bias

gender

T-test:
Statistic: -0.7182718039650684 p: 0.4726842417132481
male
Overall Mean: 4.439752252252252
female
Overall Mean: 4.4566441441441444

race

T-test:
Statistic: 1.5241529556578037 p: 0.12757737040773381
race: privileged
Overall Mean: 3.9908783783783783
race: minoritized
Overall Mean: 3.9662162162162162
