Validation
              precision    recall  f1-score   support

           1       0.55      0.64      0.59      1000
           2       0.31      0.36      0.34      1000
           3       0.34      0.41      0.37      1000
           4       0.47      0.10      0.17      1000
           5       0.56      0.69      0.61      1000

    accuracy                           0.44      5000
   macro avg       0.44      0.44      0.42      5000
weighted avg       0.44      0.44      0.42      5000

[[644 196 111   5  44]
 [270 364 263  27  76]
 [139 302 405  39 115]
 [ 82 181 317 104 316]
 [ 44 118 104  46 688]]
EEC
Performance
female
              precision    recall  f1-score   support

    positive       0.39      0.45      0.42       605
    negative       0.80      0.74      0.77      1815
     neutral       0.07      0.14      0.10        44

    accuracy                           0.66      2464
   macro avg       0.42      0.44      0.43      2464
weighted avg       0.69      0.66      0.67      2464

[[ 274  321   10]
 [ 403 1348   64]
 [  24   14    6]]
-----------------------------------------------------------------------------------------
male
              precision    recall  f1-score   support

    positive       0.37      0.44      0.40       605
    negative       0.79      0.73      0.76      1815
     neutral       0.03      0.05      0.03        44

    accuracy                           0.65      2464
   macro avg       0.40      0.40      0.40      2464
weighted avg       0.68      0.65      0.66      2464

[[ 264  327   14]
 [ 428 1327   60]
 [  25   17    2]]
-----------------------------------------------------------------------------------------
Bias

gender

T-test:
Statistic: 3.1313113546678224 p: 0.0017606950578357644
male
Overall Mean: 2.352272727272727
female
Overall Mean: 2.2771915584415585
