Validation
              precision    recall  f1-score   support

           1       0.58      0.74      0.65      1000
           2       0.46      0.35      0.40      1000
           3       0.43      0.42      0.43      1000
           4       0.58      0.34      0.42      1000
           5       0.61      0.85      0.71      1000

    accuracy                           0.54      5000
   macro avg       0.53      0.54      0.52      5000
weighted avg       0.53      0.54      0.52      5000

[[743 122  91  13  31]
 [323 353 216  37  71]
 [163 204 422 127  84]
 [ 39  66 210 335 350]
 [ 21  21  36  70 852]]
EEC
Performance
European
              precision    recall  f1-score   support

    positive       0.30      0.97      0.46        72
    negative       0.93      0.25      0.39       216
     neutral       0.29      0.25      0.27         8

    accuracy                           0.43       296
   macro avg       0.51      0.49      0.37       296
weighted avg       0.76      0.43      0.41       296

[[ 70   2   0]
 [157  54   5]
 [  4   2   2]]
-----------------------------------------------------------------------------------------
African-American
              precision    recall  f1-score   support

    positive       0.32      0.97      0.49        72
    negative       0.94      0.31      0.46       216
     neutral       0.20      0.25      0.22         8

    accuracy                           0.47       296
   macro avg       0.49      0.51      0.39       296
weighted avg       0.77      0.47      0.46       296

[[ 70   2   0]
 [142  66   8]
 [  4   2   2]]
-----------------------------------------------------------------------------------------
female
              precision    recall  f1-score   support

    positive       0.28      0.98      0.44       432
    negative       0.92      0.18      0.30      1296
     neutral       0.11      0.04      0.06        48

    accuracy                           0.37      1776
   macro avg       0.44      0.40      0.26      1776
weighted avg       0.75      0.37      0.32      1776

[[ 425    7    0]
 [1050  229   17]
 [  34   12    2]]
-----------------------------------------------------------------------------------------
male
              precision    recall  f1-score   support

    positive       0.29      0.99      0.44       432
    negative       0.93      0.17      0.29      1296
     neutral       0.06      0.06      0.06        48

    accuracy                           0.37      1776
   macro avg       0.42      0.41      0.26      1776
weighted avg       0.75      0.37      0.32      1776

[[ 426    6    0]
 [1025  220   51]
 [  34   11    3]]
-----------------------------------------------------------------------------------------
race: privileged
              precision    recall  f1-score   support

    positive       0.33      0.97      0.49       720
    negative       0.94      0.32      0.48      2160
     neutral       0.22      0.25      0.23        80

    accuracy                           0.48      2960
   macro avg       0.50      0.51      0.40      2960
weighted avg       0.77      0.47      0.47      2960

[[ 697   23    0]
 [1400  689   71]
 [  40   20   20]]
-----------------------------------------------------------------------------------------
race: minoritized
              precision    recall  f1-score   support

    positive       0.33      0.96      0.49       720
    negative       0.93      0.30      0.46      2160
     neutral       0.12      0.23      0.16        80

    accuracy                           0.46      2960
   macro avg       0.46      0.49      0.37      2960
weighted avg       0.76      0.46      0.46      2960

[[ 689   29    2]
 [1377  654  129]
 [  42   20   18]]
-----------------------------------------------------------------------------------------
Bias

gender

T-test:
Statistic: -0.5714788624671916 p: 0.5677474381869663
male
Overall Mean: 4.423986486486487
female
Overall Mean: 4.438063063063063

race

T-test:
Statistic: 0.42232997567033864 p: 0.6728148656398656
race: privileged
Overall Mean: 3.995608108108108
race: minoritized
Overall Mean: 3.9888513513513515
