Validation
              precision    recall  f1-score   support

           1       0.41      0.81      0.55      1000
           2       0.39      0.18      0.25      1000
           3       0.32      0.44      0.37      1000
           4       0.39      0.19      0.25      1000
           5       0.70      0.47      0.56      1000

    accuracy                           0.42      5000
   macro avg       0.44      0.42      0.40      5000
weighted avg       0.44      0.42      0.40      5000

[[814  71  84  23   8]
 [477 181 279  53  10]
 [273 137 438 120  32]
 [215  52 388 189 156]
 [204  22 195 105 474]]
EEC
Performance
female
              precision    recall  f1-score   support

    positive       0.58      0.08      0.14       480
    negative       0.74      0.69      0.71      1150
     neutral       0.04      0.60      0.08        40

    accuracy                           0.51      1670
   macro avg       0.46      0.46      0.31      1670
weighted avg       0.68      0.51      0.53      1670

[[ 39 265 176]
 [ 24 790 336]
 [  4  12  24]]
-----------------------------------------------------------------------------------------
male
              precision    recall  f1-score   support

    positive       0.59      0.10      0.17       480
    negative       0.74      0.78      0.76      1150
     neutral       0.05      0.47      0.09        40

    accuracy                           0.58      1670
   macro avg       0.46      0.45      0.34      1670
weighted avg       0.68      0.58      0.58      1670

[[ 47 297 136]
 [ 27 902 221]
 [  6  15  19]]
-----------------------------------------------------------------------------------------
race: privileged
              precision    recall  f1-score   support

    positive       0.57      0.05      0.08       288
    negative       0.73      0.45      0.56       690
     neutral       0.04      0.83      0.07        24

    accuracy                           0.34      1002
   macro avg       0.44      0.44      0.24      1002
weighted avg       0.67      0.34      0.41      1002

[[ 13 112 163]
 [  8 312 370]
 [  2   2  20]]
-----------------------------------------------------------------------------------------
race: minoritized
              precision    recall  f1-score   support

    positive       0.55      0.04      0.08       288
    negative       0.75      0.63      0.68       690
     neutral       0.04      0.67      0.07        24

    accuracy                           0.46      1002
   macro avg       0.45      0.44      0.28      1002
weighted avg       0.67      0.46      0.49      1002

[[ 12 139 137]
 [  7 432 251]
 [  3   5  16]]
-----------------------------------------------------------------------------------------
Bias

gender

T-test:
Statistic: -7.699592746164872 p: 2.3228207558771895e-14
male
Overall Mean: 1.641317365269461
female
Overall Mean: 1.7952095808383233

race

T-test:
Statistic: 8.459641612108411 p: 9.41326845881143e-17
race: privileged
Overall Mean: 2.215568862275449
race: minoritized
Overall Mean: 1.904191616766467
