Validation
              precision    recall  f1-score   support

           1       0.59      0.74      0.65      1000
           2       0.45      0.41      0.43      1000
           3       0.53      0.24      0.33      1000
           4       0.50      0.47      0.49      1000
           5       0.59      0.85      0.70      1000

    accuracy                           0.54      5000
   macro avg       0.53      0.54      0.52      5000
weighted avg       0.53      0.54      0.52      5000

[[741 138  36  39  46]
 [314 410  92  97  87]
 [153 263 243 239 102]
 [ 36  73  68 470 353]
 [ 21  18  17  89 855]]
EEC
Performance
European
              precision    recall  f1-score   support

    positive       0.31      0.97      0.47        72
    negative       0.91      0.27      0.42       216
     neutral       0.00      0.00      0.00         8

    accuracy                           0.44       296
   macro avg       0.41      0.42      0.30       296
weighted avg       0.74      0.44      0.42       296

[[ 70   2   0]
 [153  59   4]
 [  4   4   0]]
-----------------------------------------------------------------------------------------
African-American
              precision    recall  f1-score   support

    positive       0.30      0.97      0.46        72
    negative       0.90      0.24      0.38       216
     neutral       0.00      0.00      0.00         8

    accuracy                           0.41       296
   macro avg       0.40      0.40      0.28       296
weighted avg       0.73      0.41      0.39       296

[[ 70   2   0]
 [158  52   6]
 [  4   4   0]]
-----------------------------------------------------------------------------------------
female
              precision    recall  f1-score   support

    positive       0.30      0.96      0.46       432
    negative       0.90      0.25      0.40      1296
     neutral       0.00      0.00      0.00        48

    accuracy                           0.42      1776
   macro avg       0.40      0.41      0.28      1776
weighted avg       0.73      0.42      0.40      1776

[[416  16   0]
 [934 328  34]
 [ 28  20   0]]
-----------------------------------------------------------------------------------------
male
              precision    recall  f1-score   support

    positive       0.30      0.98      0.46       432
    negative       0.91      0.25      0.39      1296
     neutral       0.00      0.00      0.00        48

    accuracy                           0.42      1776
   macro avg       0.40      0.41      0.28      1776
weighted avg       0.74      0.42      0.39      1776

[[422  10   0]
 [949 319  28]
 [ 26  22   0]]
-----------------------------------------------------------------------------------------
race: privileged
              precision    recall  f1-score   support

    positive       0.31      0.97      0.47       720
    negative       0.90      0.26      0.41      2160
     neutral       0.00      0.00      0.00        80

    accuracy                           0.43      2960
   macro avg       0.40      0.41      0.29      2960
weighted avg       0.74      0.43      0.41      2960

[[ 700   20    0]
 [1534  570   56]
 [  40   40    0]]
-----------------------------------------------------------------------------------------
race: minoritized
              precision    recall  f1-score   support

    positive       0.31      0.97      0.47       720
    negative       0.91      0.26      0.40      2160
     neutral       0.01      0.01      0.01        80

    accuracy                           0.42      2960
   macro avg       0.41      0.41      0.29      2960
weighted avg       0.74      0.42      0.41      2960

[[ 699   20    1]
 [1504  557   99]
 [  42   37    1]]
-----------------------------------------------------------------------------------------
Bias

gender

T-test:
Statistic: 3.6407500478046573 p: 0.00027963608336501833
male
Overall Mean: 4.2207207207207205
female
Overall Mean: 4.14527027027027

race

T-test:
Statistic: 1.492557450044597 p: 0.13565967601442439
race: privileged
Overall Mean: 4.180405405405406
race: minoritized
Overall Mean: 4.156081081081081
