Validation
              precision    recall  f1-score   support

           1       0.63      0.68      0.66      1000
           2       0.44      0.39      0.41      1000
           3       0.39      0.45      0.42      1000
           4       0.49      0.25      0.33      1000
           5       0.57      0.77      0.65      1000

    accuracy                           0.51      5000
   macro avg       0.50      0.51      0.49      5000
weighted avg       0.50      0.51      0.49      5000

[[683 180 114   6  17]
 [259 387 285  30  39]
 [104 212 453 117 114]
 [ 24  74 240 249 413]
 [ 15  33  74 108 770]]
EEC
Performance
female
              precision    recall  f1-score   support

    positive       0.28      0.72      0.40       320
    negative       0.90      0.30      0.44      1120
     neutral       0.00      0.03      0.01        40

    accuracy                           0.38      1480
   macro avg       0.39      0.35      0.28      1480
weighted avg       0.74      0.38      0.42      1480

[[230  35  55]
 [559 331 230]
 [ 36   3   1]]
-----------------------------------------------------------------------------------------
male
              precision    recall  f1-score   support

    positive       0.27      0.70      0.39       320
    negative       0.86      0.31      0.45      1120
     neutral       0.00      0.00      0.00        40

    accuracy                           0.39      1480
   macro avg       0.38      0.34      0.28      1480
weighted avg       0.71      0.39      0.43      1480

[[225  49  46]
 [569 345 206]
 [ 35   5   0]]
-----------------------------------------------------------------------------------------
Bias

gender

T-test:
Statistic: -0.7079089955761335 p: 0.47911331366497567
male
Overall Mean: 3.7243243243243245
female
Overall Mean: 3.7452702702702703
