Validation
              precision    recall  f1-score   support

           1       0.39      0.87      0.54      1000
           2       0.33      0.11      0.16      1000
           3       0.42      0.10      0.17      1000
           4       0.39      0.34      0.36      1000
           5       0.53      0.71      0.61      1000

    accuracy                           0.43      5000
   macro avg       0.41      0.43      0.37      5000
weighted avg       0.41      0.43      0.37      5000

[[869  39  19  28  45]
 [627 106  60 112  95]
 [424 113 103 228 132]
 [199  46  54 339 362]
 [104  17  10 159 710]]
EEC
Performance
female
              precision    recall  f1-score   support

    positive       0.27      0.94      0.42       605
    negative       0.88      0.19      0.31      1815
     neutral       1.00      0.18      0.31        44

    accuracy                           0.37      2464
   macro avg       0.72      0.43      0.35      2464
weighted avg       0.73      0.37      0.34      2464

[[ 566   39    0]
 [1477  338    0]
 [  29    7    8]]
-----------------------------------------------------------------------------------------
male
              precision    recall  f1-score   support

    positive       0.27      0.90      0.42       605
    negative       0.85      0.22      0.35      1815
     neutral       0.50      0.11      0.19        44

    accuracy                           0.38      2464
   macro avg       0.54      0.41      0.32      2464
weighted avg       0.70      0.38      0.36      2464

[[ 546   59    0]
 [1413  397    5]
 [  29   10    5]]
-----------------------------------------------------------------------------------------
Bias

gender

T-test:
Statistic: -1.2580905611481161 p: 0.20847825997019945
male
Overall Mean: 3.977272727272727
female
Overall Mean: 4.0064935064935066
