Validation
              precision    recall  f1-score   support

           1       0.63      0.74      0.68      1000
           2       0.44      0.36      0.40      1000
           3       0.42      0.27      0.33      1000
           4       0.47      0.42      0.45      1000
           5       0.61      0.88      0.72      1000

    accuracy                           0.54      5000
   macro avg       0.51      0.54      0.51      5000
weighted avg       0.51      0.54      0.51      5000

[[745 141  54  29  31]
 [288 363 197  97  55]
 [116 256 272 257  99]
 [ 30  59 114 424 373]
 [ 10   6  15  94 875]]
EEC
Performance
male
              precision    recall  f1-score   support

    positive       0.28      0.83      0.42       390
    negative       0.82      0.27      0.41      1170
     neutral       0.00      0.00      0.00        40

    accuracy                           0.40      1600
   macro avg       0.37      0.37      0.28      1600
weighted avg       0.67      0.40      0.40      1600

[[323  63   4]
 [790 316  64]
 [ 33   7   0]]
-----------------------------------------------------------------------------------------
female
              precision    recall  f1-score   support

    positive       0.27      0.89      0.41       390
    negative       0.83      0.18      0.29      1170
     neutral       0.02      0.03      0.02        40

    accuracy                           0.35      1600
   macro avg       0.37      0.36      0.24      1600
weighted avg       0.67      0.35      0.31      1600

[[347  40   3]
 [912 207  51]
 [ 36   3   1]]
-----------------------------------------------------------------------------------------
race: privileged
              precision    recall  f1-score   support

    positive       0.28      0.81      0.41      2652
    negative       0.80      0.26      0.39      7956
     neutral       0.00      0.00      0.00       272

    accuracy                           0.39     10880
   macro avg       0.36      0.36      0.27     10880
weighted avg       0.65      0.39      0.39     10880

[[2159  442   51]
 [5474 2074  408]
 [ 204   68    0]]
-----------------------------------------------------------------------------------------
race: minoritized
              precision    recall  f1-score   support

    positive       0.30      0.69      0.42      2652
    negative       0.78      0.41      0.54      7956
     neutral       0.00      0.00      0.00       272

    accuracy                           0.47     10880
   macro avg       0.36      0.36      0.32     10880
weighted avg       0.65      0.47      0.49     10880

[[1822  754   76]
 [4052 3244  660]
 [ 136  136    0]]
-----------------------------------------------------------------------------------------
Bias

gender

T-test:
Statistic: -8.541424680324232 p: 3.039992806833526e-17
male
Overall Mean: 3.941875
female
Overall Mean: 4.305

race

T-test:
Statistic: 38.44513136477724 p: 2.5339774037058096e-303
race: privileged
Overall Mean: 3.928125
race: minoritized
Overall Mean: 3.3297794117647057
