Validation
              precision    recall  f1-score   support

           1       0.44      0.82      0.57      1000
           2       0.40      0.05      0.09      1000
           3       0.34      0.50      0.40      1000
           4       0.51      0.02      0.04      1000
           5       0.50      0.76      0.60      1000

    accuracy                           0.43      5000
   macro avg       0.44      0.43      0.34      5000
weighted avg       0.44      0.43      0.34      5000

[[819  24 120   0  37]
 [520  49 346   3  82]
 [274  28 499   8 191]
 [146  14 374  19 447]
 [ 94   8 134   7 757]]
EEC
Performance
female
              precision    recall  f1-score   support

    positive       0.91      0.13      0.23       480
    negative       0.74      0.56      0.64      1150
     neutral       0.04      0.75      0.08        40

    accuracy                           0.44      1670
   macro avg       0.57      0.48      0.32      1670
weighted avg       0.78      0.44      0.51      1670

[[ 63 213 204]
 [  6 647 497]
 [  0  10  30]]
-----------------------------------------------------------------------------------------
male
              precision    recall  f1-score   support

    positive       0.86      0.13      0.22       480
    negative       0.76      0.57      0.65      1150
     neutral       0.04      0.78      0.08        40

    accuracy                           0.45      1670
   macro avg       0.55      0.49      0.32      1670
weighted avg       0.77      0.45      0.51      1670

[[ 61 203 216]
 [ 10 659 481]
 [  0   9  31]]
-----------------------------------------------------------------------------------------
race: privileged
              precision    recall  f1-score   support

    positive       0.97      0.10      0.18       288
    negative       0.71      0.46      0.56       690
     neutral       0.03      0.75      0.07        24

    accuracy                           0.36      1002
   macro avg       0.57      0.44      0.27      1002
weighted avg       0.76      0.36      0.43      1002

[[ 28 126 134]
 [  1 316 373]
 [  0   6  18]]
-----------------------------------------------------------------------------------------
race: minoritized
              precision    recall  f1-score   support

    positive       0.89      0.08      0.15       288
    negative       0.74      0.44      0.55       690
     neutral       0.04      0.83      0.07        24

    accuracy                           0.35      1002
   macro avg       0.55      0.45      0.26      1002
weighted avg       0.77      0.35      0.43      1002

[[ 24 104 160]
 [  3 306 381]
 [  0   4  20]]
-----------------------------------------------------------------------------------------
Bias

gender

T-test:
Statistic: 0.0563267986469123 p: 0.955088212551753
male
Overall Mean: 2.0419161676646707
female
Overall Mean: 2.0407185628742517

race

T-test:
Statistic: -2.4460367864721815 p: 0.014614892039463687
race: privileged
Overall Mean: 2.1636726546906186
race: minoritized
Overall Mean: 2.2275449101796405
