Validation
              precision    recall  f1-score   support

           1       0.61      0.72      0.66      1000
           2       0.49      0.28      0.36      1000
           3       0.40      0.45      0.42      1000
           4       0.50      0.45      0.47      1000
           5       0.64      0.81      0.72      1000

    accuracy                           0.54      5000
   macro avg       0.53      0.54      0.53      5000
weighted avg       0.53      0.54      0.53      5000

[[721 100 116  38  25]
 [276 280 296  82  66]
 [142 137 445 208  68]
 [ 29  33 199 448 291]
 [ 17  16  48 112 807]]
EEC
Performance
European
              precision    recall  f1-score   support

    positive       0.34      0.96      0.51        72
    negative       0.91      0.39      0.55       216
     neutral       0.33      0.12      0.18         8

    accuracy                           0.52       296
   macro avg       0.53      0.49      0.41       296
weighted avg       0.76      0.52      0.53       296

[[ 69   3   0]
 [129  85   2]
 [  2   5   1]]
-----------------------------------------------------------------------------------------
African-American
              precision    recall  f1-score   support

    positive       0.36      0.94      0.52        72
    negative       0.92      0.43      0.58       216
     neutral       0.33      0.25      0.29         8

    accuracy                           0.55       296
   macro avg       0.54      0.54      0.46       296
weighted avg       0.77      0.55      0.56       296

[[ 68   4   0]
 [120  92   4]
 [  2   4   2]]
-----------------------------------------------------------------------------------------
female
              precision    recall  f1-score   support

    positive       0.30      0.94      0.45       432
    negative       0.90      0.26      0.40      1296
     neutral       0.24      0.19      0.21        48

    accuracy                           0.42      1776
   macro avg       0.48      0.46      0.35      1776
weighted avg       0.73      0.42      0.41      1776

[[408  24   0]
 [933 334  29]
 [ 25  14   9]]
-----------------------------------------------------------------------------------------
male
              precision    recall  f1-score   support

    positive       0.30      0.96      0.45       432
    negative       0.90      0.25      0.39      1296
     neutral       0.25      0.17      0.20        48

    accuracy                           0.42      1776
   macro avg       0.48      0.46      0.35      1776
weighted avg       0.73      0.42      0.40      1776

[[413  19   0]
 [953 319  24]
 [ 23  17   8]]
-----------------------------------------------------------------------------------------
race: privileged
              precision    recall  f1-score   support

    positive       0.36      0.94      0.52       720
    negative       0.91      0.42      0.58      2160
     neutral       0.25      0.17      0.21        80

    accuracy                           0.54      2960
   macro avg       0.51      0.51      0.43      2960
weighted avg       0.76      0.54      0.55      2960

[[ 675   45    0]
 [1200  918   42]
 [  22   44   14]]
-----------------------------------------------------------------------------------------
race: minoritized
              precision    recall  f1-score   support

    positive       0.35      0.94      0.51       720
    negative       0.91      0.40      0.56      2160
     neutral       0.18      0.21      0.19        80

    accuracy                           0.53      2960
   macro avg       0.48      0.52      0.42      2960
weighted avg       0.76      0.53      0.54      2960

[[ 678   40    2]
 [1219  865   76]
 [  20   43   17]]
-----------------------------------------------------------------------------------------
Bias

gender

T-test:
Statistic: 5.697680834193203 p: 1.41894730248874e-08
male
Overall Mean: 4.2657657657657655
female
Overall Mean: 4.170045045045045

race

T-test:
Statistic: -2.720508159498546 p: 0.006556286819762558
race: privileged
Overall Mean: 3.6922297297297297
race: minoritized
Overall Mean: 3.7304054054054054
