Validation
              precision    recall  f1-score   support

           1       0.65      0.70      0.67      1000
           2       0.41      0.42      0.42      1000
           3       0.41      0.19      0.26      1000
           4       0.45      0.49      0.47      1000
           5       0.64      0.85      0.73      1000

    accuracy                           0.53      5000
   macro avg       0.51      0.53      0.51      5000
weighted avg       0.51      0.53      0.51      5000

[[705 204  35  36  20]
 [248 418 151 138  45]
 [105 307 191 316  81]
 [ 25  76  72 492 335]
 [  9   7  16 119 849]]
EEC
Performance
male
              precision    recall  f1-score   support

    positive       0.27      0.93      0.42       390
    negative       0.86      0.16      0.27      1170
     neutral       0.00      0.00      0.00        40

    accuracy                           0.34      1600
   macro avg       0.38      0.36      0.23      1600
weighted avg       0.69      0.34      0.30      1600

[[361  28   1]
 [946 189  35]
 [ 37   3   0]]
-----------------------------------------------------------------------------------------
female
              precision    recall  f1-score   support

    positive       0.26      0.98      0.41       390
    negative       0.98      0.07      0.14      1170
     neutral       0.00      0.00      0.00        40

    accuracy                           0.29      1600
   macro avg       0.41      0.35      0.18      1600
weighted avg       0.78      0.29      0.20      1600

[[ 384    2    4]
 [1041   87   42]
 [  40    0    0]]
-----------------------------------------------------------------------------------------
race: privileged
              precision    recall  f1-score   support

    positive       0.28      0.83      0.42      2652
    negative       0.84      0.28      0.42      7956
     neutral       0.00      0.00      0.00       272

    accuracy                           0.41     10880
   macro avg       0.37      0.37      0.28     10880
weighted avg       0.68      0.41      0.41     10880

[[2210  391   51]
 [5389 2227  340]
 [ 238   34    0]]
-----------------------------------------------------------------------------------------
race: minoritized
              precision    recall  f1-score   support

    positive       0.29      0.94      0.44      2652
    negative       0.88      0.23      0.36      7956
     neutral       0.00      0.00      0.00       272

    accuracy                           0.39     10880
   macro avg       0.39      0.39      0.27     10880
weighted avg       0.72      0.39      0.37     10880

[[2482  168    2]
 [5946 1792  218]
 [ 204   68    0]]
-----------------------------------------------------------------------------------------
Bias

gender

T-test:
Statistic: -10.439992523095729 p: 9.947840379263359e-25
male
Overall Mean: 4.4025
female
Overall Mean: 4.72625

race

T-test:
Statistic: -16.237749584368707 p: 1.329683723903459e-58
race: privileged
Overall Mean: 3.95
race: minoritized
Overall Mean: 4.215257352941176
