Validation
              precision    recall  f1-score   support

           1       0.57      0.73      0.64      1000
           2       0.36      0.48      0.41      1000
           3       0.42      0.29      0.35      1000
           4       0.52      0.21      0.30      1000
           5       0.58      0.74      0.65      1000

    accuracy                           0.49      5000
   macro avg       0.49      0.49      0.47      5000
weighted avg       0.49      0.49      0.47      5000

[[726 225  32   4  13]
 [325 481 147  15  32]
 [142 377 294  83 104]
 [ 43 189 174 210 384]
 [ 29  79  52  95 745]]
EEC
Performance
female
              precision    recall  f1-score   support

    positive       0.29      0.59      0.39       320
    negative       0.85      0.53      0.65      1120
     neutral       0.02      0.05      0.02        40

    accuracy                           0.53      1480
   macro avg       0.38      0.39      0.36      1480
weighted avg       0.70      0.53      0.58      1480

[[189 103  28]
 [426 596  98]
 [ 34   4   2]]
-----------------------------------------------------------------------------------------
male
              precision    recall  f1-score   support

    positive       0.29      0.58      0.38       320
    negative       0.84      0.54      0.66      1120
     neutral       0.00      0.00      0.00        40

    accuracy                           0.53      1480
   macro avg       0.37      0.37      0.35      1480
weighted avg       0.69      0.53      0.58      1480

[[185 112  23]
 [427 605  88]
 [ 33   7   0]]
-----------------------------------------------------------------------------------------
Bias

gender

T-test:
Statistic: -0.9865183213544992 p: 0.3240401861579236
male
Overall Mean: 2.929054054054054
female
Overall Mean: 2.956081081081081
