Validation
              precision    recall  f1-score   support

           1       0.61      0.69      0.65      1000
           2       0.47      0.30      0.37      1000
           3       0.39      0.52      0.45      1000
           4       0.55      0.30      0.39      1000
           5       0.62      0.83      0.71      1000

    accuracy                           0.53      5000
   macro avg       0.53      0.53      0.51      5000
weighted avg       0.53      0.53      0.51      5000

[[685 119 152  17  27]
 [256 304 330  44  66]
 [125 164 524 105  82]
 [ 29  50 281 298 342]
 [ 23  11  64  74 828]]
EEC
Performance
European
              precision    recall  f1-score   support

    positive       0.33      0.93      0.49        72
    negative       0.92      0.36      0.51       216
     neutral       0.00      0.00      0.00         8

    accuracy                           0.49       296
   macro avg       0.42      0.43      0.33       296
weighted avg       0.75      0.49      0.49       296

[[ 67   5   0]
 [129  77  10]
 [  6   2   0]]
-----------------------------------------------------------------------------------------
African-American
              precision    recall  f1-score   support

    positive       0.34      0.92      0.50        72
    negative       0.91      0.37      0.53       216
     neutral       0.14      0.25      0.18         8

    accuracy                           0.50       296
   macro avg       0.46      0.51      0.40       296
weighted avg       0.75      0.50      0.51       296

[[ 66   6   0]
 [124  80  12]
 [  4   2   2]]
-----------------------------------------------------------------------------------------
female
              precision    recall  f1-score   support

    positive       0.36      0.87      0.51       432
    negative       0.89      0.43      0.58      1296
     neutral       0.08      0.19      0.11        48

    accuracy                           0.53      1776
   macro avg       0.44      0.50      0.40      1776
weighted avg       0.74      0.53      0.55      1776

[[375  54   3]
 [635 558 103]
 [ 27  12   9]]
-----------------------------------------------------------------------------------------
male
              precision    recall  f1-score   support

    positive       0.35      0.91      0.50       432
    negative       0.91      0.38      0.54      1296
     neutral       0.11      0.21      0.14        48

    accuracy                           0.51      1776
   macro avg       0.45      0.50      0.39      1776
weighted avg       0.75      0.51      0.52      1776

[[395  35   2]
 [719 494  83]
 [ 26  12  10]]
-----------------------------------------------------------------------------------------
race: privileged
              precision    recall  f1-score   support

    positive       0.34      0.90      0.50       720
    negative       0.91      0.39      0.55      2160
     neutral       0.11      0.17      0.13        80

    accuracy                           0.51      2960
   macro avg       0.45      0.49      0.39      2960
weighted avg       0.75      0.51      0.53      2960

[[ 651   69    0]
 [1191  853  116]
 [  46   20   14]]
-----------------------------------------------------------------------------------------
race: minoritized
              precision    recall  f1-score   support

    positive       0.35      0.89      0.50       720
    negative       0.90      0.38      0.53      2160
     neutral       0.07      0.21      0.11        80

    accuracy                           0.50      2960
   macro avg       0.44      0.49      0.38      2960
weighted avg       0.75      0.50      0.51      2960

[[ 643   66   11]
 [1150  811  199]
 [  43   20   17]]
-----------------------------------------------------------------------------------------
Bias

gender

T-test:
Statistic: 9.448857233599187 p: 1.040265775309778e-20
male
Overall Mean: 3.722972972972973
female
Overall Mean: 3.5045045045045047

race

T-test:
Statistic: 0.4036607784564875 p: 0.6864913531383536
race: privileged
Overall Mean: 3.6868243243243244
race: minoritized
Overall Mean: 3.678716216216216
