Downloading and preparing dataset amazon_reviews_multi/es (download: 77.58 MiB, generated: 52.44 MiB, post-processed: Unknown size, total: 130.02 MiB) to /Users/sggoldfa/.cache/huggingface/datasets/amazon_reviews_multi/es/1.0.0/724e94f4b0c6c405ce7e476a6c5ef4f87db30799ad49f765094cf9770e0f7609...
Dataset amazon_reviews_multi downloaded and prepared to /Users/sggoldfa/.cache/huggingface/datasets/amazon_reviews_multi/es/1.0.0/724e94f4b0c6c405ce7e476a6c5ef4f87db30799ad49f765094cf9770e0f7609. Subsequent calls will reuse this data.
Validation
              precision    recall  f1-score   support

           1       0.64      0.67      0.65      1000
           2       0.41      0.48      0.44      1000
           3       0.40      0.36      0.38      1000
           4       0.46      0.26      0.33      1000
           5       0.56      0.74      0.63      1000

    accuracy                           0.50      5000
   macro avg       0.49      0.50      0.49      5000
weighted avg       0.49      0.50      0.49      5000

[[665 233  61  16  25]
 [237 476 207  31  49]
 [ 99 289 359 128 125]
 [ 27 120 208 260 385]
 [ 17  47  65 135 736]]
EEC
Performance
female
              precision    recall  f1-score   support

    positive       0.28      0.85      0.42       320
    negative       0.99      0.23      0.38      1120
     neutral       0.00      0.03      0.01        40

    accuracy                           0.36      1480
   macro avg       0.42      0.37      0.27      1480
weighted avg       0.81      0.36      0.38      1480

[[272   0  48]
 [664 261 195]
 [ 36   3   1]]
-----------------------------------------------------------------------------------------
male
              precision    recall  f1-score   support

    positive       0.28      0.87      0.42       320
    negative       0.96      0.24      0.38      1120
     neutral       0.00      0.00      0.00        40

    accuracy                           0.37      1480
   macro avg       0.41      0.37      0.27      1480
weighted avg       0.79      0.37      0.38      1480

[[277   6  37]
 [677 264 179]
 [ 36   4   0]]
-----------------------------------------------------------------------------------------
Bias

gender

T-test:
Statistic: -0.0496430163661638 p: 0.9604135697358152
male
Overall Mean: 3.9533783783783782
female
Overall Mean: 3.95472972972973
