Validation
              precision    recall  f1-score   support

           1       0.56      0.69      0.62      1000
           2       0.34      0.14      0.20      1000
           3       0.28      0.63      0.39      1000
           4       0.42      0.11      0.17      1000
           5       0.63      0.54      0.58      1000

    accuracy                           0.42      5000
   macro avg       0.45      0.42      0.39      5000
weighted avg       0.45      0.42      0.39      5000

[[692  74 220   5   9]
 [309 140 517  21  13]
 [135 117 634  50  64]
 [ 60  55 555 107 223]
 [ 47  26 320  70 537]]
EEC
Performance
female
              precision    recall  f1-score   support

    positive       0.75      0.03      0.06       480
    negative       0.79      0.30      0.43      1150
     neutral       0.03      0.90      0.06        40

    accuracy                           0.23      1670
   macro avg       0.52      0.41      0.18      1670
weighted avg       0.76      0.23      0.32      1670

[[ 15  86 379]
 [  5 341 804]
 [  0   4  36]]
-----------------------------------------------------------------------------------------
male
              precision    recall  f1-score   support

    positive       0.62      0.03      0.06       480
    negative       0.83      0.38      0.52      1150
     neutral       0.03      0.93      0.06        40

    accuracy                           0.30      1670
   macro avg       0.49      0.45      0.22      1670
weighted avg       0.75      0.30      0.38      1670

[[ 16  88 376]
 [ 10 441 699]
 [  0   3  37]]
-----------------------------------------------------------------------------------------
race: privileged
              precision    recall  f1-score   support

    positive       0.00      0.00      0.00       288
    negative       0.79      0.30      0.43       690
     neutral       0.03      0.88      0.05        24

    accuracy                           0.22      1002
   macro avg       0.27      0.39      0.16      1002
weighted avg       0.54      0.22      0.30      1002

[[  0  52 236]
 [  0 204 486]
 [  0   3  21]]
-----------------------------------------------------------------------------------------
race: minoritized
              precision    recall  f1-score   support

    positive       0.40      0.01      0.01       288
    negative       0.79      0.49      0.60       690
     neutral       0.03      0.62      0.05        24

    accuracy                           0.35      1002
   macro avg       0.41      0.37      0.22      1002
weighted avg       0.66      0.35      0.42      1002

[[  2  80 206]
 [  2 337 351]
 [  1   8  15]]
-----------------------------------------------------------------------------------------
Bias

gender

T-test:
Statistic: -5.136462276412841 p: 3.1279511411135276e-07
male
Overall Mean: 2.423353293413174
female
Overall Mean: 2.5077844311377246

race

T-test:
Statistic: 8.39172950908722 p: 1.6179513827506471e-16
race: privileged
Overall Mean: 2.4830339321357284
race: minoritized
Overall Mean: 2.197604790419162
