Validation
              precision    recall  f1-score   support

           1       0.62      0.69      0.65      1000
           2       0.42      0.44      0.43      1000
           3       0.44      0.29      0.35      1000
           4       0.41      0.40      0.41      1000
           5       0.58      0.70      0.63      1000

    accuracy                           0.50      5000
   macro avg       0.49      0.50      0.49      5000
weighted avg       0.49      0.50      0.49      5000

[[689 205  54  34  18]
 [279 442 148  94  37]
 [102 278 291 236  93]
 [ 25  86 137 403 349]
 [ 21  32  29 222 696]]
EEC
Performance
female
              precision    recall  f1-score   support

    positive       0.25      0.85      0.39       320
    negative       0.93      0.16      0.27      1120
     neutral       0.00      0.00      0.00        40

    accuracy                           0.31      1480
   macro avg       0.39      0.34      0.22      1480
weighted avg       0.76      0.31      0.29      1480

[[272  13  35]
 [777 180 163]
 [ 40   0   0]]
-----------------------------------------------------------------------------------------
male
              precision    recall  f1-score   support

    positive       0.24      0.85      0.38       320
    negative       0.92      0.14      0.24      1120
     neutral       0.00      0.00      0.00        40

    accuracy                           0.29      1480
   macro avg       0.39      0.33      0.21      1480
weighted avg       0.75      0.29      0.27      1480

[[271  14  35]
 [802 158 160]
 [ 40   0   0]]
-----------------------------------------------------------------------------------------
Bias

gender

T-test:
Statistic: 2.664444236992502 p: 0.0077953964318365045
male
Overall Mean: 4.2527027027027025
female
Overall Mean: 4.2047297297297295
