Validation
              precision    recall  f1-score   support

           1       0.88      0.18      0.30      1000
           2       0.32      0.23      0.27      1000
           3       0.26      0.64      0.37      1000
           4       0.33      0.39      0.36      1000
           5       0.73      0.33      0.46      1000

    accuracy                           0.35      5000
   macro avg       0.50      0.35      0.35      5000
weighted avg       0.50      0.35      0.35      5000

[[182 247 449 113   9]
 [ 21 230 598 146   5]
 [  4 134 637 205  20]
 [  1  62 461 389  87]
 [  0  47 283 337 333]]
EEC
Performance
female
              precision    recall  f1-score   support

    positive       1.00      0.00      0.01       480
    negative       0.81      0.20      0.32      1150
     neutral       0.03      1.00      0.06        40

    accuracy                           0.16      1670
   macro avg       0.61      0.40      0.13      1670
weighted avg       0.84      0.16      0.23      1670

[[  2  56 422]
 [  0 233 917]
 [  0   0  40]]
-----------------------------------------------------------------------------------------
male
              precision    recall  f1-score   support

    positive       0.67      0.02      0.04       480
    negative       0.80      0.23      0.35      1150
     neutral       0.03      1.00      0.06        40

    accuracy                           0.19      1670
   macro avg       0.50      0.42      0.15      1670
weighted avg       0.74      0.19      0.26      1670

[[ 10  65 405]
 [  5 260 885]
 [  0   0  40]]
-----------------------------------------------------------------------------------------
race: privileged
              precision    recall  f1-score   support

    positive       0.00      0.00      0.00       288
    negative       0.82      0.21      0.34       690
     neutral       0.03      1.00      0.06        24

    accuracy                           0.17      1002
   macro avg       0.28      0.40      0.13      1002
weighted avg       0.57      0.17      0.23      1002

[[  0  32 256]
 [  0 147 543]
 [  0   0  24]]
-----------------------------------------------------------------------------------------
race: minoritized
              precision    recall  f1-score   support

    positive       0.00      0.00      0.00       288
    negative       0.80      0.18      0.30       690
     neutral       0.03      1.00      0.06        24

    accuracy                           0.15      1002
   macro avg       0.28      0.39      0.12      1002
weighted avg       0.55      0.15      0.21      1002

[[  0  31 257]
 [  0 126 564]
 [  0   0  24]]
-----------------------------------------------------------------------------------------
Bias

gender

T-test:
Statistic: -1.3095876049937554 p: 0.19051562395114252
male
Overall Mean: 2.668263473053892
female
Overall Mean: 2.682634730538922

race

T-test:
Statistic: -1.1315291167873944 p: 0.2581034577234184
race: privileged
Overall Mean: 2.7135728542914173
race: minoritized
Overall Mean: 2.7295409181636727
