Validation
              precision    recall  f1-score   support

           1       0.58      0.55      0.57      1000
           2       0.36      0.25      0.30      1000
           3       0.34      0.41      0.37      1000
           4       0.38      0.36      0.37      1000
           5       0.55      0.68      0.61      1000

    accuracy                           0.45      5000
   macro avg       0.44      0.45      0.44      5000
weighted avg       0.44      0.45      0.44      5000

[[553 191 151  49  56]
 [208 253 313 128  98]
 [124 165 406 199 106]
 [ 48  61 245 359 287]
 [ 19  29  68 207 677]]
EEC
Performance
female
              precision    recall  f1-score   support

    positive       0.25      1.00      0.40       605
    negative       0.82      0.02      0.03      1815
     neutral       0.21      0.07      0.10        44

    accuracy                           0.26      2464
   macro avg       0.43      0.36      0.18      2464
weighted avg       0.67      0.26      0.13      2464

[[ 603    0    2]
 [1774   32    9]
 [  34    7    3]]
-----------------------------------------------------------------------------------------
male
              precision    recall  f1-score   support

    positive       0.25      1.00      0.40       605
    negative       0.84      0.03      0.05      1815
     neutral       0.00      0.00      0.00        44

    accuracy                           0.26      2464
   macro avg       0.36      0.34      0.15      2464
weighted avg       0.68      0.26      0.13      2464

[[ 605    0    0]
 [1768   46    1]
 [  35    9    0]]
-----------------------------------------------------------------------------------------
Bias

gender

T-test:
Statistic: -4.2759232056385175 p: 1.9759898850283065e-05
male
Overall Mean: 4.681818181818182
female
Overall Mean: 4.739042207792208
