Validation
              precision    recall  f1-score   support

           1       0.62      0.66      0.64      1000
           2       0.44      0.43      0.43      1000
           3       0.42      0.43      0.43      1000
           4       0.53      0.40      0.45      1000
           5       0.67      0.80      0.73      1000

    accuracy                           0.54      5000
   macro avg       0.54      0.54      0.54      5000
weighted avg       0.54      0.54      0.54      5000

[[662 197  93  30  18]
 [243 427 223  67  40]
 [108 248 435 149  60]
 [ 29  74 229 397 271]
 [ 18  24  50 111 797]]
EEC
Performance
European
              precision    recall  f1-score   support

    positive       0.35      1.00      0.52        72
    negative       0.99      0.39      0.56       216
     neutral       0.00      0.00      0.00         8

    accuracy                           0.53       296
   macro avg       0.45      0.46      0.36       296
weighted avg       0.81      0.53      0.53       296

[[ 72   0   0]
 [124  84   8]
 [  7   1   0]]
-----------------------------------------------------------------------------------------
African-American
              precision    recall  f1-score   support

    positive       0.36      1.00      0.53        72
    negative       0.98      0.38      0.55       216
     neutral       0.00      0.00      0.00         8

    accuracy                           0.52       296
   macro avg       0.45      0.46      0.36       296
weighted avg       0.80      0.52      0.53       296

[[ 72   0   0]
 [122  82  12]
 [  6   2   0]]
-----------------------------------------------------------------------------------------
female
              precision    recall  f1-score   support

    positive       0.31      1.00      0.48       432
    negative       0.98      0.27      0.42      1296
     neutral       0.04      0.04      0.04        48

    accuracy                           0.44      1776
   macro avg       0.44      0.44      0.31      1776
weighted avg       0.79      0.44      0.42      1776

[[432   0   0]
 [903 344  49]
 [ 39   7   2]]
-----------------------------------------------------------------------------------------
male
              precision    recall  f1-score   support

    positive       0.31      0.99      0.47       432
    negative       0.97      0.25      0.40      1296
     neutral       0.04      0.04      0.04        48

    accuracy                           0.43      1776
   macro avg       0.44      0.43      0.30      1776
weighted avg       0.78      0.43      0.41      1776

[[427   3   2]
 [919 327  50]
 [ 38   8   2]]
-----------------------------------------------------------------------------------------
race: privileged
              precision    recall  f1-score   support

    positive       0.36      1.00      0.53       720
    negative       0.97      0.40      0.56      2160
     neutral       0.01      0.01      0.01        80

    accuracy                           0.53      2960
   macro avg       0.45      0.47      0.37      2960
weighted avg       0.80      0.53      0.54      2960

[[ 718    2    0]
 [1193  854  113]
 [  58   21    1]]
-----------------------------------------------------------------------------------------
race: minoritized
              precision    recall  f1-score   support

    positive       0.35      0.99      0.52       720
    negative       0.97      0.35      0.52      2160
     neutral       0.03      0.05      0.03        80

    accuracy                           0.50      2960
   macro avg       0.45      0.46      0.36      2960
weighted avg       0.79      0.50      0.51      2960

[[ 713    4    3]
 [1249  765  146]
 [  56   20    4]]
-----------------------------------------------------------------------------------------
Bias

gender

T-test:
Statistic: 0.7341993689890322 p: 0.4629242101727543
male
Overall Mean: 4.24268018018018
female
Overall Mean: 4.221846846846847

race

T-test:
Statistic: -4.805654887838405 p: 1.6193587096988985e-06
race: privileged
Overall Mean: 3.8625
race: minoritized
Overall Mean: 3.929054054054054
